mode: atomic
github.com/j-flat/go-veikkaus/goveikkaus/auth_login.go:10.119,19.16 3 8
github.com/j-flat/go-veikkaus/goveikkaus/auth_login.go:19.16,21.3 1 1
github.com/j-flat/go-veikkaus/goveikkaus/auth_login.go:23.2,29.16 4 7
github.com/j-flat/go-veikkaus/goveikkaus/auth_login.go:29.16,31.3 1 6
github.com/j-flat/go-veikkaus/goveikkaus/auth_login.go:33.2,39.36 3 1
github.com/j-flat/go-veikkaus/goveikkaus/auth_logout.go:7.38,8.35 1 2
github.com/j-flat/go-veikkaus/goveikkaus/auth_logout.go:8.35,10.3 1 1
github.com/j-flat/go-veikkaus/goveikkaus/auth_logout.go:10.8,12.3 1 1
github.com/j-flat/go-veikkaus/goveikkaus/auth_logout.go:14.2,14.12 1 1
github.com/j-flat/go-veikkaus/goveikkaus/auth_utils.go:9.36,15.2 3 2
github.com/j-flat/go-veikkaus/goveikkaus/goveikkaus.go:42.53,47.2 4 1
github.com/j-flat/go-veikkaus/goveikkaus/goveikkaus.go:49.49,50.23 1 28
github.com/j-flat/go-veikkaus/goveikkaus/goveikkaus.go:50.23,54.3 1 26
github.com/j-flat/go-veikkaus/goveikkaus/goveikkaus.go:56.2,61.23 4 28
github.com/j-flat/go-veikkaus/goveikkaus/goveikkaus.go:64.44,65.34 1 30
github.com/j-flat/go-veikkaus/goveikkaus/goveikkaus.go:65.34,69.3 1 1
github.com/j-flat/go-veikkaus/goveikkaus/goveikkaus.go:70.2,70.35 1 30
github.com/j-flat/go-veikkaus/goveikkaus/goveikkaus.go:70.35,72.3 1 30
github.com/j-flat/go-veikkaus/goveikkaus/goveikkaus.go:73.2,73.36 1 30
github.com/j-flat/go-veikkaus/goveikkaus/goveikkaus.go:73.36,75.3 1 30
github.com/j-flat/go-veikkaus/goveikkaus/goveikkaus.go:76.2,77.62 2 30
github.com/j-flat/go-veikkaus/goveikkaus/goveikkaus.go:80.64,81.9 1 17
github.com/j-flat/go-veikkaus/goveikkaus/goveikkaus.go:82.20,83.19 1 2
github.com/j-flat/go-veikkaus/goveikkaus/goveikkaus.go:84.10,84.10 0 15
github.com/j-flat/go-veikkaus/goveikkaus/goveikkaus.go:87.2,87.40 1 15
github.com/j-flat/go-veikkaus/goveikkaus/goveikkaus.go:87.40,89.3 1 2
github.com/j-flat/go-veikkaus/goveikkaus/goveikkaus.go:91.2,91.12 1 13
github.com/j-flat/go-veikkaus/goveikkaus/goveikkaus.go:94.98,95.16 1 15
github.com/j-flat/go-veikkaus/goveikkaus/goveikkaus.go:95.16,97.3 1 1
github.com/j-flat/go-veikkaus/goveikkaus/goveikkaus.go:99.2,102.53 3 14
github.com/j-flat/go-veikkaus/goveikkaus/goveikkaus.go:102.53,104.3 1 2
github.com/j-flat/go-veikkaus/goveikkaus/goveikkaus.go:106.2,106.33 1 12
github.com/j-flat/go-veikkaus/goveikkaus/goveikkaus.go:106.33,109.3 2 9
github.com/j-flat/go-veikkaus/goveikkaus/goveikkaus.go:111.2,111.18 1 3
github.com/j-flat/go-veikkaus/goveikkaus/goveikkaus.go:114.129,116.16 2 9
github.com/j-flat/go-veikkaus/goveikkaus/goveikkaus.go:116.16,118.3 1 7
github.com/j-flat/go-veikkaus/goveikkaus/goveikkaus.go:120.2,124.18 3 2
github.com/j-flat/go-veikkaus/internal/veikkausapi/errors.go:23.40,25.2 1 6
github.com/j-flat/go-veikkaus/internal/veikkausapi/errors.go:27.56,30.39 2 4
github.com/j-flat/go-veikkaus/internal/veikkausapi/errors.go:30.39,32.3 1 3
github.com/j-flat/go-veikkaus/internal/veikkausapi/errors.go:33.2,33.15 1 4
github.com/j-flat/go-veikkaus/internal/veikkausapi/errors.go:44.47,46.2 1 1
github.com/j-flat/go-veikkaus/internal/veikkausapi/errors.go:52.55,54.2 1 1
github.com/j-flat/go-veikkaus/internal/veikkausapi/errors.go:60.44,62.2 1 1
github.com/j-flat/go-veikkaus/internal/veikkausapi/errors.go:68.42,69.34 1 2
github.com/j-flat/go-veikkaus/internal/veikkausapi/errors.go:69.34,71.3 1 1
github.com/j-flat/go-veikkaus/internal/veikkausapi/errors.go:72.2,72.61 1 1
github.com/j-flat/go-veikkaus/internal/veikkausapi/errors.go:81.54,83.2 1 1
github.com/j-flat/go-veikkaus/internal/veikkausapi/errors.go:89.46,91.2 1 1
github.com/j-flat/go-veikkaus/internal/veikkausapi/errors.go:93.42,96.59 2 9
github.com/j-flat/go-veikkaus/internal/veikkausapi/errors.go:96.59,98.3 1 3
github.com/j-flat/go-veikkaus/internal/veikkausapi/errors.go:100.2,100.23 1 6
github.com/j-flat/go-veikkaus/internal/veikkausapi/errors.go:101.24,102.79 1 2
github.com/j-flat/go-veikkaus/internal/veikkausapi/errors.go:103.29,104.72 1 2
github.com/j-flat/go-veikkaus/internal/veikkausapi/errors.go:105.10,110.4 1 2
github.com/j-flat/go-veikkaus/internal/veikkausapi/request_handler.go:19.74,21.2 1 5
github.com/j-flat/go-veikkaus/internal/veikkausapi/request_handler.go:23.70,25.2 1 2
github.com/j-flat/go-veikkaus/internal/veikkausapi/request_handler.go:27.62,29.2 1 4
github.com/j-flat/go-veikkaus/internal/veikkausapi/request_handler.go:31.62,32.41 1 3
github.com/j-flat/go-veikkaus/internal/veikkausapi/request_handler.go:32.41,33.39 1 5
github.com/j-flat/go-veikkaus/internal/veikkausapi/request_handler.go:33.39,35.4 1 1
github.com/j-flat/go-veikkaus/internal/veikkausapi/request_handler.go:38.2,38.14 1 2
github.com/j-flat/go-veikkaus/internal/veikkausapi/request_handler.go:44.26,45.23 1 7
github.com/j-flat/go-veikkaus/internal/veikkausapi/request_handler.go:45.23,47.3 1 6
github.com/j-flat/go-veikkaus/internal/veikkausapi/request_handler.go:47.8,49.3 1 1
github.com/j-flat/go-veikkaus/internal/veikkausapi/request_handler.go:52.40,54.2 1 6
github.com/j-flat/go-veikkaus/internal/veikkausapi/request_handler.go:56.57,62.2 4 4
github.com/j-flat/go-veikkaus/internal/veikkausapi/request_handler.go:64.74,66.47 2 17
github.com/j-flat/go-veikkaus/internal/veikkausapi/request_handler.go:66.47,67.30 1 25
github.com/j-flat/go-veikkaus/internal/veikkausapi/request_handler.go:67.30,69.4 1 15
github.com/j-flat/go-veikkaus/internal/veikkausapi/request_handler.go:70.3,70.66 1 10
github.com/j-flat/go-veikkaus/internal/veikkausapi/request_handler.go:72.2,73.32 2 2
github.com/j-flat/go-veikkaus/internal/veikkausapi/request_handler.go:76.50,78.16 2 23
github.com/j-flat/go-veikkaus/internal/veikkausapi/request_handler.go:78.16,81.3 2 7
github.com/j-flat/go-veikkaus/internal/veikkausapi/request_handler.go:82.2,82.12 1 16
github.com/j-flat/go-veikkaus/internal/veikkausapi/request_handler.go:85.90,86.97 1 15
github.com/j-flat/go-veikkaus/internal/veikkausapi/request_handler.go:86.97,88.3 1 1
github.com/j-flat/go-veikkaus/internal/veikkausapi/request_handler.go:90.2,90.55 1 14
github.com/j-flat/go-veikkaus/internal/veikkausapi/request_handler.go:90.55,92.3 1 3
github.com/j-flat/go-veikkaus/internal/veikkausapi/request_handler.go:94.2,94.24 1 11
github.com/j-flat/go-veikkaus/internal/veikkausapi/request_handler.go:94.24,96.3 1 4
github.com/j-flat/go-veikkaus/internal/veikkausapi/request_handler.go:98.2,99.16 2 7
github.com/j-flat/go-veikkaus/internal/veikkausapi/request_handler.go:99.16,102.3 2 1
github.com/j-flat/go-veikkaus/internal/veikkausapi/request_handler.go:104.2,104.17 1 6
github.com/j-flat/go-veikkaus/internal/veikkausapi/request_handler.go:107.58,108.55 1 6
github.com/j-flat/go-veikkaus/internal/veikkausapi/request_handler.go:108.55,110.3 1 2
github.com/j-flat/go-veikkaus/internal/veikkausapi/request_handler.go:112.2,113.16 2 4
github.com/j-flat/go-veikkaus/internal/veikkausapi/request_handler.go:113.16,116.3 2 1
github.com/j-flat/go-veikkaus/internal/veikkausapi/request_handler.go:117.2,117.17 1 3
github.com/j-flat/go-veikkaus/internal/veikkausapi/request_handler.go:120.98,121.23 1 12
github.com/j-flat/go-veikkaus/internal/veikkausapi/request_handler.go:122.22,123.14 1 4
github.com/j-flat/go-veikkaus/internal/veikkausapi/request_handler.go:124.23,125.63 1 8
github.com/j-flat/go-veikkaus/internal/veikkausapi/request_handler.go:126.22,127.31 1 3
github.com/j-flat/go-veikkaus/internal/veikkausapi/request_handler.go:128.10,129.76 1 1
github.com/j-flat/go-veikkaus/internal/veikkausapi/request_handler.go:136.58,138.16 2 2
github.com/j-flat/go-veikkaus/internal/veikkausapi/request_handler.go:138.16,140.3 1 1
github.com/j-flat/go-veikkaus/internal/veikkausapi/request_handler.go:142.2,142.19 1 1
github.com/j-flat/go-veikkaus/internal/veikkausapi/request_handler.go:145.110,151.84 4 5
github.com/j-flat/go-veikkaus/internal/veikkausapi/request_handler.go:151.84,153.3 1 2
github.com/j-flat/go-veikkaus/internal/veikkausapi/request_handler.go:155.2,155.36 1 3
github.com/j-flat/go-veikkaus/internal/veikkausapi/request_handler.go:158.72,160.2 1 1
github.com/j-flat/go-veikkaus/internal/veikkausapi/response_handler.go:10.53,11.84 1 29
github.com/j-flat/go-veikkaus/internal/veikkausapi/response_handler.go:11.84,13.3 1 10
github.com/j-flat/go-veikkaus/internal/veikkausapi/response_handler.go:13.8,15.3 1 19
github.com/j-flat/go-veikkaus/internal/veikkausapi/response_handler.go:18.49,19.75 1 8
github.com/j-flat/go-veikkaus/internal/veikkausapi/response_handler.go:19.75,21.3 1 2
github.com/j-flat/go-veikkaus/internal/veikkausapi/response_handler.go:23.2,26.16 3 6
github.com/j-flat/go-veikkaus/internal/veikkausapi/response_handler.go:26.16,28.3 1 1
github.com/j-flat/go-veikkaus/internal/veikkausapi/response_handler.go:30.2,30.28 1 5
github.com/j-flat/go-veikkaus/internal/veikkausapi/response_handler.go:33.83,38.16 3 4
github.com/j-flat/go-veikkaus/internal/veikkausapi/response_handler.go:38.16,40.3 1 1
github.com/j-flat/go-veikkaus/internal/veikkausapi/response_handler.go:42.2,42.64 1 3
github.com/j-flat/go-veikkaus/internal/veikkausapi/response_handler.go:42.64,44.3 1 2
github.com/j-flat/go-veikkaus/internal/veikkausapi/response_handler.go:46.2,46.12 1 1
