mode: atomic
github.com/j-flat/go-veikkaus/goveikkaus/auth_account_balance.go:10.100,17.16 4 3
github.com/j-flat/go-veikkaus/goveikkaus/auth_account_balance.go:17.16,19.3 1 2
github.com/j-flat/go-veikkaus/goveikkaus/auth_account_balance.go:21.2,23.28 2 1
github.com/j-flat/go-veikkaus/goveikkaus/auth_login.go:10.119,19.16 3 8
github.com/j-flat/go-veikkaus/goveikkaus/auth_login.go:19.16,21.3 1 1
github.com/j-flat/go-veikkaus/goveikkaus/auth_login.go:23.2,29.16 4 7
github.com/j-flat/go-veikkaus/goveikkaus/auth_login.go:29.16,31.3 1 6
github.com/j-flat/go-veikkaus/goveikkaus/auth_login.go:33.2,39.36 3 1
github.com/j-flat/go-veikkaus/goveikkaus/auth_logout.go:7.38,8.35 1 2
github.com/j-flat/go-veikkaus/goveikkaus/auth_logout.go:8.35,10.3 1 1
github.com/j-flat/go-veikkaus/goveikkaus/auth_logout.go:10.8,12.3 1 1
github.com/j-flat/go-veikkaus/goveikkaus/auth_logout.go:14.2,14.12 1 1
github.com/j-flat/go-veikkaus/goveikkaus/auth_utils.go:9.50,11.2 1 5
github.com/j-flat/go-veikkaus/goveikkaus/auth_utils.go:13.36,19.2 4 4
github.com/j-flat/go-veikkaus/goveikkaus/goveikkaus.go:42.53,44.2 1 1
github.com/j-flat/go-veikkaus/goveikkaus/goveikkaus.go:46.53,51.2 4 1
github.com/j-flat/go-veikkaus/goveikkaus/goveikkaus.go:53.49,54.23 1 38
github.com/j-flat/go-veikkaus/goveikkaus/goveikkaus.go:54.23,58.3 1 36
github.com/j-flat/go-veikkaus/goveikkaus/goveikkaus.go:60.2,65.23 4 38
github.com/j-flat/go-veikkaus/goveikkaus/goveikkaus.go:68.44,69.34 1 40
github.com/j-flat/go-veikkaus/goveikkaus/goveikkaus.go:69.34,73.3 1 1
github.com/j-flat/go-veikkaus/goveikkaus/goveikkaus.go:74.2,74.35 1 40
github.com/j-flat/go-veikkaus/goveikkaus/goveikkaus.go:74.35,76.3 1 40
github.com/j-flat/go-veikkaus/goveikkaus/goveikkaus.go:77.2,77.36 1 40
github.com/j-flat/go-veikkaus/goveikkaus/goveikkaus.go:77.36,79.3 1 40
github.com/j-flat/go-veikkaus/goveikkaus/goveikkaus.go:81.2,82.62 2 40
github.com/j-flat/go-veikkaus/goveikkaus/goveikkaus.go:85.64,86.9 1 20
github.com/j-flat/go-veikkaus/goveikkaus/goveikkaus.go:87.20,88.19 1 2
github.com/j-flat/go-veikkaus/goveikkaus/goveikkaus.go:89.10,89.10 0 18
github.com/j-flat/go-veikkaus/goveikkaus/goveikkaus.go:92.2,92.40 1 18
github.com/j-flat/go-veikkaus/goveikkaus/goveikkaus.go:92.40,94.3 1 2
github.com/j-flat/go-veikkaus/goveikkaus/goveikkaus.go:96.2,96.12 1 16
github.com/j-flat/go-veikkaus/goveikkaus/goveikkaus.go:99.53,101.31 2 22
github.com/j-flat/go-veikkaus/goveikkaus/goveikkaus.go:101.31,103.3 1 4
github.com/j-flat/go-veikkaus/goveikkaus/goveikkaus.go:105.2,105.23 1 22
github.com/j-flat/go-veikkaus/goveikkaus/goveikkaus.go:108.122,109.16 1 19
github.com/j-flat/go-veikkaus/goveikkaus/goveikkaus.go:109.16,111.3 1 1
github.com/j-flat/go-veikkaus/goveikkaus/goveikkaus.go:113.2,113.74 1 18
github.com/j-flat/go-veikkaus/goveikkaus/goveikkaus.go:113.74,115.3 1 1
github.com/j-flat/go-veikkaus/goveikkaus/goveikkaus.go:117.2,120.53 3 17
github.com/j-flat/go-veikkaus/goveikkaus/goveikkaus.go:120.53,122.3 1 2
github.com/j-flat/go-veikkaus/goveikkaus/goveikkaus.go:124.2,124.33 1 15
github.com/j-flat/go-veikkaus/goveikkaus/goveikkaus.go:124.33,127.3 2 11
github.com/j-flat/go-veikkaus/goveikkaus/goveikkaus.go:129.2,129.18 1 4
github.com/j-flat/go-veikkaus/goveikkaus/goveikkaus.go:132.129,134.16 2 12
github.com/j-flat/go-veikkaus/goveikkaus/goveikkaus.go:134.16,136.3 1 9
github.com/j-flat/go-veikkaus/goveikkaus/goveikkaus.go:138.2,142.18 3 3
github.com/j-flat/go-veikkaus/internal/veikkausapi/errors.go:23.40,25.2 1 6
github.com/j-flat/go-veikkaus/internal/veikkausapi/errors.go:27.56,30.39 2 4
github.com/j-flat/go-veikkaus/internal/veikkausapi/errors.go:30.39,32.3 1 3
github.com/j-flat/go-veikkaus/internal/veikkausapi/errors.go:33.2,33.15 1 4
github.com/j-flat/go-veikkaus/internal/veikkausapi/errors.go:44.47,46.2 1 1
github.com/j-flat/go-veikkaus/internal/veikkausapi/errors.go:52.55,54.2 1 1
github.com/j-flat/go-veikkaus/internal/veikkausapi/errors.go:60.44,62.2 1 1
github.com/j-flat/go-veikkaus/internal/veikkausapi/errors.go:68.42,69.34 1 2
github.com/j-flat/go-veikkaus/internal/veikkausapi/errors.go:69.34,71.3 1 1
github.com/j-flat/go-veikkaus/internal/veikkausapi/errors.go:72.2,72.61 1 1
github.com/j-flat/go-veikkaus/internal/veikkausapi/errors.go:81.54,83.2 1 1
github.com/j-flat/go-veikkaus/internal/veikkausapi/errors.go:89.46,91.2 1 1
github.com/j-flat/go-veikkaus/internal/veikkausapi/errors.go:93.42,96.59 2 9
github.com/j-flat/go-veikkaus/internal/veikkausapi/errors.go:96.59,98.3 1 3
github.com/j-flat/go-veikkaus/internal/veikkausapi/errors.go:100.2,100.23 1 6
github.com/j-flat/go-veikkaus/internal/veikkausapi/errors.go:101.24,102.79 1 2
github.com/j-flat/go-veikkaus/internal/veikkausapi/errors.go:103.29,104.72 1 2
github.com/j-flat/go-veikkaus/internal/veikkausapi/errors.go:105.10,110.4 1 2
github.com/j-flat/go-veikkaus/internal/veikkausapi/request_handler.go:19.74,21.2 1 5
github.com/j-flat/go-veikkaus/internal/veikkausapi/request_handler.go:23.70,25.2 1 2
github.com/j-flat/go-veikkaus/internal/veikkausapi/request_handler.go:27.62,29.2 1 4
github.com/j-flat/go-veikkaus/internal/veikkausapi/request_handler.go:31.62,32.41 1 3
github.com/j-flat/go-veikkaus/internal/veikkausapi/request_handler.go:32.41,33.39 1 5
github.com/j-flat/go-veikkaus/internal/veikkausapi/request_handler.go:33.39,35.4 1 1
github.com/j-flat/go-veikkaus/internal/veikkausapi/request_handler.go:38.2,38.14 1 2
github.com/j-flat/go-veikkaus/internal/veikkausapi/request_handler.go:44.40,46.2 1 6
github.com/j-flat/go-veikkaus/internal/veikkausapi/request_handler.go:48.57,54.2 4 4
github.com/j-flat/go-veikkaus/internal/veikkausapi/request_handler.go:56.74,58.47 2 17
github.com/j-flat/go-veikkaus/internal/veikkausapi/request_handler.go:58.47,59.30 1 25
github.com/j-flat/go-veikkaus/internal/veikkausapi/request_handler.go:59.30,61.4 1 15
github.com/j-flat/go-veikkaus/internal/veikkausapi/request_handler.go:62.3,62.66 1 10
github.com/j-flat/go-veikkaus/internal/veikkausapi/request_handler.go:64.2,65.32 2 2
github.com/j-flat/go-veikkaus/internal/veikkausapi/request_handler.go:68.50,70.16 2 23
github.com/j-flat/go-veikkaus/internal/veikkausapi/request_handler.go:70.16,73.3 2 7
github.com/j-flat/go-veikkaus/internal/veikkausapi/request_handler.go:74.2,74.12 1 16
github.com/j-flat/go-veikkaus/internal/veikkausapi/request_handler.go:77.90,78.97 1 15
github.com/j-flat/go-veikkaus/internal/veikkausapi/request_handler.go:78.97,80.3 1 1
github.com/j-flat/go-veikkaus/internal/veikkausapi/request_handler.go:82.2,82.55 1 14
github.com/j-flat/go-veikkaus/internal/veikkausapi/request_handler.go:82.55,84.3 1 3
github.com/j-flat/go-veikkaus/internal/veikkausapi/request_handler.go:86.2,86.24 1 11
github.com/j-flat/go-veikkaus/internal/veikkausapi/request_handler.go:86.24,88.3 1 4
github.com/j-flat/go-veikkaus/internal/veikkausapi/request_handler.go:90.2,91.16 2 7
github.com/j-flat/go-veikkaus/internal/veikkausapi/request_handler.go:91.16,94.3 2 1
github.com/j-flat/go-veikkaus/internal/veikkausapi/request_handler.go:96.2,96.17 1 6
github.com/j-flat/go-veikkaus/internal/veikkausapi/request_handler.go:99.58,100.55 1 6
github.com/j-flat/go-veikkaus/internal/veikkausapi/request_handler.go:100.55,102.3 1 2
github.com/j-flat/go-veikkaus/internal/veikkausapi/request_handler.go:104.2,105.16 2 4
github.com/j-flat/go-veikkaus/internal/veikkausapi/request_handler.go:105.16,108.3 2 1
github.com/j-flat/go-veikkaus/internal/veikkausapi/request_handler.go:109.2,109.17 1 3
github.com/j-flat/go-veikkaus/internal/veikkausapi/request_handler.go:112.98,113.23 1 12
github.com/j-flat/go-veikkaus/internal/veikkausapi/request_handler.go:114.22,115.14 1 4
github.com/j-flat/go-veikkaus/internal/veikkausapi/request_handler.go:116.23,117.63 1 8
github.com/j-flat/go-veikkaus/internal/veikkausapi/request_handler.go:118.22,119.31 1 3
github.com/j-flat/go-veikkaus/internal/veikkausapi/request_handler.go:120.10,121.76 1 1
github.com/j-flat/go-veikkaus/internal/veikkausapi/request_handler.go:128.58,130.16 2 2
github.com/j-flat/go-veikkaus/internal/veikkausapi/request_handler.go:130.16,132.3 1 1
github.com/j-flat/go-veikkaus/internal/veikkausapi/request_handler.go:134.2,134.19 1 1
github.com/j-flat/go-veikkaus/internal/veikkausapi/request_handler.go:137.110,143.84 4 5
github.com/j-flat/go-veikkaus/internal/veikkausapi/request_handler.go:143.84,145.3 1 2
github.com/j-flat/go-veikkaus/internal/veikkausapi/request_handler.go:147.2,147.36 1 3
github.com/j-flat/go-veikkaus/internal/veikkausapi/request_handler.go:150.72,152.2 1 1
github.com/j-flat/go-veikkaus/internal/veikkausapi/response_handler.go:10.53,11.84 1 29
github.com/j-flat/go-veikkaus/internal/veikkausapi/response_handler.go:11.84,13.3 1 10
github.com/j-flat/go-veikkaus/internal/veikkausapi/response_handler.go:13.8,15.3 1 19
github.com/j-flat/go-veikkaus/internal/veikkausapi/response_handler.go:18.49,19.75 1 8
github.com/j-flat/go-veikkaus/internal/veikkausapi/response_handler.go:19.75,21.3 1 2
github.com/j-flat/go-veikkaus/internal/veikkausapi/response_handler.go:23.2,26.16 3 6
github.com/j-flat/go-veikkaus/internal/veikkausapi/response_handler.go:26.16,28.3 1 1
github.com/j-flat/go-veikkaus/internal/veikkausapi/response_handler.go:30.2,30.28 1 5
github.com/j-flat/go-veikkaus/internal/veikkausapi/response_handler.go:33.83,38.16 3 4
github.com/j-flat/go-veikkaus/internal/veikkausapi/response_handler.go:38.16,40.3 1 1
github.com/j-flat/go-veikkaus/internal/veikkausapi/response_handler.go:42.2,42.64 1 3
github.com/j-flat/go-veikkaus/internal/veikkausapi/response_handler.go:42.64,44.3 1 2
github.com/j-flat/go-veikkaus/internal/veikkausapi/response_handler.go:46.2,46.12 1 1
